<?xml version="1.0" encoding="UTF-8"?>
<testng-results skipped="0" failed="0" ignored="0" total="0" passed="0">
  <reporter-output>
  </reporter-output>
  <suite name="com.fengtai.mock.CustomRespTransferTest" duration-ms="20" started-at="2018-10-18T07:18:59Z" finished-at="2018-10-18T07:19:00Z">
    <groups>
    </groups>
    <test name="Command line test" duration-ms="20" started-at="2018-10-18T07:18:59Z" finished-at="2018-10-18T07:19:00Z">
    </test> <!-- Command line test -->
  </suite> <!-- com.fengtai.mock.CustomRespTransferTest -->
</testng-results>
